Double hash table size is 59
Names in order of first appearance:
0 Garfield
1 Sylvester
2 BillTheCat
3 Felix
4 Figaro
5 Heathcliff
6 Jinx
7 KlondikeKat
8 Toonces
9 PussInBoots
10 Snoopy
11 Lassie
12 Cujo
13 Triumph
14 Barkley
15 Bingo
16 Farfel
17 Underdog
18 Marmaduke
19 Puddles
20 ScoobyDoo
21 OldYeller
22 Reveille
23 RinTinTin
24 Spike
25 Toto
26 Odie
Double hash table used while processing input:
0 -1
1 -1
2 -1
3 4 (Figaro) 3 11:  3
4 -1
5 -1
6 -1
7 -1
8 -1
9 3 (Felix) 9 17:  9
10 -1
11 15 (Bingo) 52 18:  52 11
12 -1
13 -1
14 8 (Toonces) 14 36:  14
15 -1
16 -1
17 -1
18 13 (Triumph) 18 24:  18
19 -1
20 23 (RinTinTin) 43 36:  43 20
21 -1
22 9 (PussInBoots) 22 30:  22
23 -1
24 25 (Toto) 24 13:  24
25 0 (Garfield) 25 3:  25
26 18 (Marmaduke) 26 32:  26
27 -1
28 19 (Puddles) 28 32:  28
29 22 (Reveille) 51 37:  51 29
30 -1
31 -1
32 2 (BillTheCat) 32 49:  32
33 10 (Snoopy) 33 43:  33
34 -1
35 -1
36 1 (Sylvester) 36 2:  36
37 -1
38 20 (ScoobyDoo) 36 2:  36 38
39 14 (Barkley) 39 55:  39
40 -1
41 -1
42 7 (KlondikeKat) 42 38:  42
43 5 (Heathcliff) 43 51:  43
44 12 (Cujo) 44 30:  44
45 -1
46 16 (Farfel) 46 1:  46
47 21 (OldYeller) 47 25:  47
48 11 (Lassie) 48 10:  48
49 -1
50 -1
51 17 (Underdog) 51 37:  51
52 6 (Jinx) 52 44:  52
53 -1
54 24 (Spike) 54 55:  54
55 -1
56 -1
57 -1
58 26 (Odie) 58 8:  58
Total probes: 31
SCC 1
Spike
Toto
SCC 2
ScoobyDoo
SCC 3
Cujo
SCC 4
Triumph
OldYeller
Farfel
SCC 5
Reveille
SCC 6
RinTinTin
SCC 7
Underdog
SCC 8
Snoopy
Puddles
Marmaduke
Barkley
Lassie
SCC 9
Odie
SCC 10
Bingo
SCC 11
Toonces
SCC 12
PussInBoots
SCC 13
BillTheCat
SCC 14
Garfield
Felix
Heathcliff
Figaro
Jinx
Sylvester
KlondikeKat
