low 0 high 1 i 0 j 1 a[0]=-99999999 b[1]=0 a[1]=1
b[1]=0 has rank 1
low 0 high 2 i 1 j 1 b[1]=0 a[1]=1 b[2]=1
a[1]=1 has rank 2
low 0 high 5 i 2 j 3 a[2]=1 b[3]=2 a[3]=1
low 3 high 5 i 4 j 1 b[1]=0 a[4]=1 b[2]=1
a[4]=1 has rank 5
low 0 high 6 i 3 j 3 a[3]=1 b[3]=2 a[4]=1
low 4 high 6 i 5 j 1 b[1]=0 a[5]=2 b[2]=1
low 4 high 4 i 4 j 2 a[4]=1 b[2]=1 a[5]=2
b[2]=1 has rank 6
low 0 high 10 i 5 j 10 a[5]=2 b[10]=8 a[6]=5
low 6 high 10 i 8 j 7 b[7]=5 a[8]=8 b[8]=6
low 6 high 7 i 6 j 9 a[6]=5 b[9]=7 a[7]=6
low 7 high 7 i 7 j 8 a[7]=6 b[8]=6 a[8]=8
b[8]=6 has rank 15
low 2 high 10 i 6 j 11 a[6]=5 b[11]=8 a[7]=6
low 7 high 10 i 8 j 9 b[9]=7 a[8]=8 b[10]=8
a[8]=8 has rank 17
low 6 high 10 i 8 j 13 a[8]=8 b[13]=9 a[9]=8
low 9 high 10 i 9 j 12 a[9]=8 b[12]=8 a[10]=9
b[12]=8 has rank 21
low 7 high 10 i 8 j 14 a[8]=8 b[14]=9 a[9]=8
low 9 high 10 i 9 j 13 a[9]=8 b[13]=9 a[10]=9
low 10 high 10 i 10 j 12 b[12]=8 a[10]=9 b[13]=9
a[10]=9 has rank 22
low 8 high 10 i 9 j 14 a[9]=8 b[14]=9 a[10]=9
low 10 high 10 i 10 j 13 a[10]=9 b[13]=9 a[11]=99999999
b[13]=9 has rank 23
low 10 high 10 i 10 j 15 a[10]=9 b[15]=9 a[11]=99999999
b[15]=9 has rank 25
